<?xml version="1.0" encoding="UTF-8"?>
<!-- Generated by org.testng.reporters.JUnitReportReporter -->
<testsuite hostname="SYNPS6143349" name="com.guru99.DemoTest.Guru99Bank_LoginTest" tests="1" failures="0" timestamp="26 Mar 2019 10:30:59 GMT" time="19.044" errors="0">
  <testcase name="Login" time="19.044" classname="com.guru99.DemoTest.Guru99Bank_LoginTest"/>
</testsuite> <!-- com.guru99.DemoTest.Guru99Bank_LoginTest -->
