<?xml version="1.0" encoding="UTF-8"?>
<!-- Generated by org.testng.reporters.JUnitReportReporter -->
<testsuite hostname="SYNPS6143349" name="com.guru99.DemoTest.NewAccountTest" tests="1" failures="0" timestamp="26 Mar 2019 10:30:59 GMT" time="12.914" errors="0">
  <testcase name="NewAccountCreation" time="12.914" classname="com.guru99.DemoTest.NewAccountTest"/>
</testsuite> <!-- com.guru99.DemoTest.NewAccountTest -->
