<?xml version="1.0" encoding="UTF-8"?>
<!-- Generated by org.testng.reporters.JUnitReportReporter -->
<testsuite hostname="SYNPS6143349" name="com.guru99.DemoTest.EditCustomer_Test" tests="1" failures="0" timestamp="8 Mar 2019 08:40:49 GMT" time="16.851" errors="0">
  <testcase name="EditCustomer" time="16.851" classname="com.guru99.DemoTest.EditCustomer_Test"/>
</testsuite> <!-- com.guru99.DemoTest.EditCustomer_Test -->
