<?xml version="1.0" encoding="UTF-8"?>
<!-- Generated by org.testng.reporters.JUnitReportReporter -->
<testsuite hostname="SYNPS6143349" name="com.guru99.DemoTest.NewCustomerTest" tests="1" failures="0" timestamp="7 Mar 2019 13:08:05 GMT" time="103.315" errors="0">
  <testcase name="AddNewCustomer" time="103.315" classname="com.guru99.DemoTest.NewCustomerTest"/>
</testsuite> <!-- com.guru99.DemoTest.NewCustomerTest -->
